{"C:\\Users\\CjDev544\\Desktop\\node\\NOC\\src\\data\\mongo\\index.ts": {"path":"C:\\Users\\CjDev544\\Desktop\\node\\NOC\\src\\data\\mongo\\index.ts","statementMap":{},"fnMap":{},"branchMap":{},"s":{},"f":{},"b":{},"meta":{"lastBranch":0,"lastFunction":0,"lastStatement":0,"seen":{}}}
,"C:\\Users\\CjDev544\\Desktop\\node\\NOC\\src\\data\\mongo\\init.ts": {"path":"C:\\Users\\CjDev544\\Desktop\\node\\NOC\\src\\data\\mongo\\init.ts","statementMap":{"0":{"start":{"line":10,"column":33},"end":{"line":10,"column":null}},"1":{"start":{"line":12,"column":4},"end":{"line":17,"column":null}},"2":{"start":{"line":13,"column":6},"end":{"line":13,"column":null}},"3":{"start":{"line":14,"column":6},"end":{"line":14,"column":null}},"4":{"start":{"line":16,"column":6},"end":{"line":16,"column":null}}},"fnMap":{"0":{"name":"(anonymous_0)","decl":{"start":{"line":9,"column":15},"end":{"line":9,"column":23}},"loc":{"start":{"line":9,"column":69},"end":{"line":18,"column":null}},"line":9}},"branchMap":{},"s":{"0":4,"1":4,"2":4,"3":3,"4":1},"f":{"0":3},"b":{},"meta":{"lastBranch":0,"lastFunction":1,"lastStatement":5,"seen":{"f:9:15:9:23":0,"s:10:33:10:Infinity":0,"s:12:4:17:Infinity":1,"s:13:6:13:Infinity":2,"s:14:6:14:Infinity":3,"s:16:6:16:Infinity":4}}}
,"C:\\Users\\CjDev544\\Desktop\\node\\NOC\\src\\data\\mongo\\models\\log.model.ts": {"path":"C:\\Users\\CjDev544\\Desktop\\node\\NOC\\src\\data\\mongo\\models\\log.model.ts","statementMap":{"0":{"start":{"line":3,"column":18},"end":{"line":22,"column":null}},"1":{"start":{"line":24,"column":13},"end":{"line":24,"column":null}}},"fnMap":{},"branchMap":{},"s":{"0":2,"1":2},"f":{},"b":{},"meta":{"lastBranch":0,"lastFunction":0,"lastStatement":2,"seen":{"s:3:18:22:Infinity":0,"s:24:13:24:Infinity":1}}}
,"C:\\Users\\CjDev544\\Desktop\\node\\NOC\\src\\domain\\datasources\\log.datasource.ts": {"path":"C:\\Users\\CjDev544\\Desktop\\node\\NOC\\src\\domain\\datasources\\log.datasource.ts","statementMap":{},"fnMap":{},"branchMap":{},"s":{},"f":{},"b":{},"meta":{"lastBranch":0,"lastFunction":0,"lastStatement":0,"seen":{}}}
,"C:\\Users\\CjDev544\\Desktop\\node\\NOC\\src\\domain\\entities\\log.entity.ts": {"path":"C:\\Users\\CjDev544\\Desktop\\node\\NOC\\src\\domain\\entities\\log.entity.ts","statementMap":{"0":{"start":{"line":1,"column":7},"end":{"line":1,"column":null}},"1":{"start":{"line":2,"column":2},"end":{"line":2,"column":null}},"2":{"start":{"line":3,"column":2},"end":{"line":3,"column":null}},"3":{"start":{"line":4,"column":2},"end":{"line":4,"column":null}},"4":{"start":{"line":1,"column":12},"end":{"line":1,"column":null}},"5":{"start":{"line":21,"column":63},"end":{"line":21,"column":null}},"6":{"start":{"line":22,"column":4},"end":{"line":22,"column":null}},"7":{"start":{"line":23,"column":4},"end":{"line":23,"column":null}},"8":{"start":{"line":24,"column":4},"end":{"line":24,"column":null}},"9":{"start":{"line":25,"column":4},"end":{"line":25,"column":null}},"10":{"start":{"line":29,"column":4},"end":{"line":29,"column":null}},"11":{"start":{"line":30,"column":50},"end":{"line":30,"column":null}},"12":{"start":{"line":32,"column":16},"end":{"line":37,"column":null}},"13":{"start":{"line":39,"column":4},"end":{"line":39,"column":null}},"14":{"start":{"line":43,"column":50},"end":{"line":43,"column":null}},"15":{"start":{"line":44,"column":16},"end":{"line":44,"column":null}},"16":{"start":{"line":45,"column":4},"end":{"line":45,"column":null}}},"fnMap":{"0":{"name":"(anonymous_0)","decl":{"start":{"line":1,"column":7},"end":{"line":1,"column":12}},"loc":{"start":{"line":1,"column":7},"end":{"line":1,"column":null}},"line":1},"1":{"name":"(anonymous_1)","decl":{"start":{"line":20,"column":2},"end":{"line":20,"column":14}},"loc":{"start":{"line":20,"column":41},"end":{"line":26,"column":null}},"line":20},"2":{"name":"(anonymous_2)","decl":{"start":{"line":28,"column":9},"end":{"line":28,"column":18}},"loc":{"start":{"line":28,"column":43},"end":{"line":40,"column":null}},"line":28},"3":{"name":"(anonymous_3)","decl":{"start":{"line":42,"column":9},"end":{"line":42,"column":20}},"loc":{"start":{"line":42,"column":63},"end":{"line":46,"column":null}},"line":42}},"branchMap":{"0":{"loc":{"start":{"line":1,"column":12},"end":{"line":1,"column":null}},"type":"binary-expr","locations":[{"start":{"line":1,"column":12},"end":{"line":1,"column":null}},{"start":{"line":1,"column":12},"end":{"line":1,"column":null}}],"line":1},"1":{"loc":{"start":{"line":21,"column":36},"end":{"line":21,"column":59}},"type":"default-arg","locations":[{"start":{"line":21,"column":48},"end":{"line":21,"column":59}}],"line":21},"2":{"loc":{"start":{"line":29,"column":11},"end":{"line":29,"column":null}},"type":"cond-expr","locations":[{"start":{"line":29,"column":25},"end":{"line":29,"column":32}},{"start":{"line":29,"column":32},"end":{"line":29,"column":null}}],"line":29}},"s":{"0":7,"1":7,"2":7,"3":7,"4":7,"5":10,"6":10,"7":10,"8":10,"9":10,"10":1,"11":1,"12":1,"13":1,"14":2,"15":2,"16":2},"f":{"0":7,"1":10,"2":7,"3":7},"b":{"0":[7,7],"1":[10],"2":[0,1]},"meta":{"lastBranch":3,"lastFunction":4,"lastStatement":17,"seen":{"s:1:7:1:Infinity":0,"f:1:7:1:12":0,"s:2:2:2:Infinity":1,"s:3:2:3:Infinity":2,"s:4:2:4:Infinity":3,"s:1:12:1:Infinity":4,"b:1:12:1:Infinity:1:12:1:Infinity":0,"f:20:2:20:14":1,"s:21:63:21:Infinity":5,"b:21:48:21:59":1,"s:22:4:22:Infinity":6,"s:23:4:23:Infinity":7,"s:24:4:24:Infinity":8,"s:25:4:25:Infinity":9,"f:28:9:28:18":2,"s:29:4:29:Infinity":10,"b:29:25:29:32:29:32:29:Infinity":2,"s:30:50:30:Infinity":11,"s:32:16:37:Infinity":12,"s:39:4:39:Infinity":13,"f:42:9:42:20":3,"s:43:50:43:Infinity":14,"s:44:16:44:Infinity":15,"s:45:4:45:Infinity":16}}}
,"C:\\Users\\CjDev544\\Desktop\\node\\NOC\\src\\domain\\repositories\\log.repository.ts": {"path":"C:\\Users\\CjDev544\\Desktop\\node\\NOC\\src\\domain\\repositories\\log.repository.ts","statementMap":{},"fnMap":{},"branchMap":{},"s":{},"f":{},"b":{},"meta":{"lastBranch":0,"lastFunction":0,"lastStatement":0,"seen":{}}}
,"C:\\Users\\CjDev544\\Desktop\\node\\NOC\\src\\domain\\use-cases\\checks\\check-service-multiple.ts": {"path":"C:\\Users\\CjDev544\\Desktop\\node\\NOC\\src\\domain\\use-cases\\checks\\check-service-multiple.ts","statementMap":{"0":{"start":{"line":13,"column":21},"end":{"line":13,"column":null}},"1":{"start":{"line":14,"column":21},"end":{"line":14,"column":null}},"2":{"start":{"line":15,"column":21},"end":{"line":15,"column":null}},"3":{"start":{"line":16,"column":12},"end":{"line":16,"column":29}},"4":{"start":{"line":20,"column":4},"end":{"line":22,"column":null}},"5":{"start":{"line":21,"column":6},"end":{"line":21,"column":null}},"6":{"start":{"line":26,"column":4},"end":{"line":52,"column":null}},"7":{"start":{"line":27,"column":18},"end":{"line":27,"column":null}},"8":{"start":{"line":28,"column":6},"end":{"line":30,"column":null}},"9":{"start":{"line":29,"column":8},"end":{"line":29,"column":null}},"10":{"start":{"line":32,"column":18},"end":{"line":36,"column":null}},"11":{"start":{"line":37,"column":6},"end":{"line":37,"column":null}},"12":{"start":{"line":39,"column":6},"end":{"line":39,"column":null}},"13":{"start":{"line":40,"column":6},"end":{"line":40,"column":null}},"14":{"start":{"line":42,"column":27},"end":{"line":42,"column":null}},"15":{"start":{"line":43,"column":18},"end":{"line":47,"column":null}},"16":{"start":{"line":48,"column":6},"end":{"line":48,"column":null}},"17":{"start":{"line":50,"column":6},"end":{"line":50,"column":null}},"18":{"start":{"line":51,"column":6},"end":{"line":51,"column":null}}},"fnMap":{"0":{"name":"(anonymous_0)","decl":{"start":{"line":12,"column":2},"end":{"line":12,"column":null}},"loc":{"start":{"line":17,"column":4},"end":{"line":17,"column":null}},"line":17},"1":{"name":"(anonymous_1)","decl":{"start":{"line":19,"column":10},"end":{"line":19,"column":19}},"loc":{"start":{"line":19,"column":35},"end":{"line":23,"column":null}},"line":19},"2":{"name":"(anonymous_2)","decl":{"start":{"line":20,"column":33},"end":{"line":20,"column":34}},"loc":{"start":{"line":20,"column":52},"end":{"line":22,"column":5}},"line":20},"3":{"name":"(anonymous_3)","decl":{"start":{"line":25,"column":15},"end":{"line":25,"column":23}},"loc":{"start":{"line":25,"column":54},"end":{"line":53,"column":null}},"line":25}},"branchMap":{"0":{"loc":{"start":{"line":16,"column":12},"end":{"line":16,"column":null}},"type":"default-arg","locations":[{"start":{"line":16,"column":29},"end":{"line":16,"column":null}}],"line":16},"1":{"loc":{"start":{"line":28,"column":6},"end":{"line":30,"column":null}},"type":"if","locations":[{"start":{"line":28,"column":6},"end":{"line":30,"column":null}},{"start":{},"end":{}}],"line":28},"2":{"loc":{"start":{"line":50,"column":6},"end":{"line":50,"column":null}},"type":"binary-expr","locations":[{"start":{"line":50,"column":6},"end":{"line":50,"column":28}},{"start":{"line":50,"column":28},"end":{"line":50,"column":null}}],"line":50}},"s":{"0":1,"1":1,"2":1,"3":1,"4":2,"5":6,"6":2,"7":2,"8":1,"9":0,"10":1,"11":1,"12":1,"13":1,"14":1,"15":1,"16":1,"17":1,"18":1},"f":{"0":1,"1":2,"2":6,"3":2},"b":{"0":[1],"1":[0,1],"2":[1,1]},"meta":{"lastBranch":3,"lastFunction":4,"lastStatement":19,"seen":{"f:12:2:12:Infinity":0,"b:16:29:16:Infinity":0,"s:13:21:13:Infinity":0,"s:14:21:14:Infinity":1,"s:15:21:15:Infinity":2,"s:16:12:16:29":3,"f:19:10:19:19":1,"s:20:4:22:Infinity":4,"f:20:33:20:34":2,"s:21:6:21:Infinity":5,"f:25:15:25:23":3,"s:26:4:52:Infinity":6,"s:27:18:27:Infinity":7,"b:28:6:30:Infinity:undefined:undefined:undefined:undefined":1,"s:28:6:30:Infinity":8,"s:29:8:29:Infinity":9,"s:32:18:36:Infinity":10,"s:37:6:37:Infinity":11,"s:39:6:39:Infinity":12,"s:40:6:40:Infinity":13,"s:42:27:42:Infinity":14,"s:43:18:47:Infinity":15,"s:48:6:48:Infinity":16,"s:50:6:50:Infinity":17,"b:50:6:50:28:50:28:50:Infinity":2,"s:51:6:51:Infinity":18}}}
,"C:\\Users\\CjDev544\\Desktop\\node\\NOC\\src\\domain\\use-cases\\checks\\check-service.ts": {"path":"C:\\Users\\CjDev544\\Desktop\\node\\NOC\\src\\domain\\use-cases\\checks\\check-service.ts","statementMap":{"0":{"start":{"line":13,"column":21},"end":{"line":13,"column":null}},"1":{"start":{"line":14,"column":21},"end":{"line":14,"column":null}},"2":{"start":{"line":15,"column":21},"end":{"line":15,"column":null}},"3":{"start":{"line":16,"column":12},"end":{"line":16,"column":29}},"4":{"start":{"line":20,"column":4},"end":{"line":46,"column":null}},"5":{"start":{"line":21,"column":18},"end":{"line":21,"column":null}},"6":{"start":{"line":22,"column":6},"end":{"line":24,"column":null}},"7":{"start":{"line":23,"column":8},"end":{"line":23,"column":null}},"8":{"start":{"line":26,"column":18},"end":{"line":30,"column":null}},"9":{"start":{"line":31,"column":6},"end":{"line":31,"column":null}},"10":{"start":{"line":33,"column":6},"end":{"line":33,"column":null}},"11":{"start":{"line":34,"column":6},"end":{"line":34,"column":null}},"12":{"start":{"line":36,"column":27},"end":{"line":36,"column":null}},"13":{"start":{"line":37,"column":18},"end":{"line":41,"column":null}},"14":{"start":{"line":42,"column":6},"end":{"line":42,"column":null}},"15":{"start":{"line":44,"column":6},"end":{"line":44,"column":null}},"16":{"start":{"line":45,"column":6},"end":{"line":45,"column":null}}},"fnMap":{"0":{"name":"(anonymous_0)","decl":{"start":{"line":12,"column":2},"end":{"line":12,"column":null}},"loc":{"start":{"line":17,"column":4},"end":{"line":17,"column":null}},"line":17},"1":{"name":"(anonymous_1)","decl":{"start":{"line":19,"column":15},"end":{"line":19,"column":23}},"loc":{"start":{"line":19,"column":54},"end":{"line":47,"column":null}},"line":19}},"branchMap":{"0":{"loc":{"start":{"line":16,"column":12},"end":{"line":16,"column":null}},"type":"default-arg","locations":[{"start":{"line":16,"column":29},"end":{"line":16,"column":null}}],"line":16},"1":{"loc":{"start":{"line":22,"column":6},"end":{"line":24,"column":null}},"type":"if","locations":[{"start":{"line":22,"column":6},"end":{"line":24,"column":null}},{"start":{},"end":{}}],"line":22},"2":{"loc":{"start":{"line":44,"column":6},"end":{"line":44,"column":null}},"type":"binary-expr","locations":[{"start":{"line":44,"column":6},"end":{"line":44,"column":28}},{"start":{"line":44,"column":28},"end":{"line":44,"column":null}}],"line":44}},"s":{"0":1,"1":1,"2":1,"3":1,"4":2,"5":2,"6":1,"7":0,"8":1,"9":1,"10":1,"11":1,"12":1,"13":1,"14":1,"15":1,"16":1},"f":{"0":1,"1":2},"b":{"0":[1],"1":[0,1],"2":[1,1]},"meta":{"lastBranch":3,"lastFunction":2,"lastStatement":17,"seen":{"f:12:2:12:Infinity":0,"b:16:29:16:Infinity":0,"s:13:21:13:Infinity":0,"s:14:21:14:Infinity":1,"s:15:21:15:Infinity":2,"s:16:12:16:29":3,"f:19:15:19:23":1,"s:20:4:46:Infinity":4,"s:21:18:21:Infinity":5,"b:22:6:24:Infinity:undefined:undefined:undefined:undefined":1,"s:22:6:24:Infinity":6,"s:23:8:23:Infinity":7,"s:26:18:30:Infinity":8,"s:31:6:31:Infinity":9,"s:33:6:33:Infinity":10,"s:34:6:34:Infinity":11,"s:36:27:36:Infinity":12,"s:37:18:41:Infinity":13,"s:42:6:42:Infinity":14,"s:44:6:44:Infinity":15,"b:44:6:44:28:44:28:44:Infinity":2,"s:45:6:45:Infinity":16}}}
,"C:\\Users\\CjDev544\\Desktop\\node\\NOC\\src\\domain\\use-cases\\email\\send-email-logs.ts": {"path":"C:\\Users\\CjDev544\\Desktop\\node\\NOC\\src\\domain\\use-cases\\email\\send-email-logs.ts","statementMap":{"0":{"start":{"line":13,"column":21},"end":{"line":13,"column":null}},"1":{"start":{"line":14,"column":21},"end":{"line":14,"column":null}},"2":{"start":{"line":10,"column":2},"end":{"line":10,"column":null}},"3":{"start":{"line":18,"column":4},"end":{"line":40,"column":null}},"4":{"start":{"line":19,"column":19},"end":{"line":19,"column":null}},"5":{"start":{"line":20,"column":6},"end":{"line":20,"column":null}},"6":{"start":{"line":20,"column":17},"end":{"line":20,"column":null}},"7":{"start":{"line":22,"column":18},"end":{"line":26,"column":null}},"8":{"start":{"line":28,"column":6},"end":{"line":28,"column":null}},"9":{"start":{"line":30,"column":6},"end":{"line":30,"column":null}},"10":{"start":{"line":32,"column":18},"end":{"line":36,"column":null}},"11":{"start":{"line":38,"column":6},"end":{"line":38,"column":null}},"12":{"start":{"line":39,"column":6},"end":{"line":39,"column":null}}},"fnMap":{"0":{"name":"(anonymous_0)","decl":{"start":{"line":12,"column":2},"end":{"line":12,"column":null}},"loc":{"start":{"line":15,"column":4},"end":{"line":15,"column":null}},"line":15},"1":{"name":"(anonymous_1)","decl":{"start":{"line":17,"column":8},"end":{"line":17,"column":16}},"loc":{"start":{"line":17,"column":39},"end":{"line":41,"column":null}},"line":17}},"branchMap":{"0":{"loc":{"start":{"line":20,"column":6},"end":{"line":20,"column":null}},"type":"if","locations":[{"start":{"line":20,"column":6},"end":{"line":20,"column":null}},{"start":{},"end":{}}],"line":20}},"s":{"0":1,"1":1,"2":1,"3":2,"4":2,"5":2,"6":1,"7":1,"8":1,"9":1,"10":1,"11":1,"12":1},"f":{"0":1,"1":2},"b":{"0":[1,1]},"meta":{"lastBranch":1,"lastFunction":2,"lastStatement":13,"seen":{"f:12:2:12:Infinity":0,"s:13:21:13:Infinity":0,"s:14:21:14:Infinity":1,"s:10:2:10:Infinity":2,"f:17:8:17:16":1,"s:18:4:40:Infinity":3,"s:19:19:19:Infinity":4,"b:20:6:20:Infinity:undefined:undefined:undefined:undefined":0,"s:20:6:20:Infinity":5,"s:20:17:20:Infinity":6,"s:22:18:26:Infinity":7,"s:28:6:28:Infinity":8,"s:30:6:30:Infinity":9,"s:32:18:36:Infinity":10,"s:38:6:38:Infinity":11,"s:39:6:39:Infinity":12}}}
,"C:\\Users\\CjDev544\\Desktop\\node\\NOC\\src\\infrastructure\\datasources\\file-system.datasource.ts": {"path":"C:\\Users\\CjDev544\\Desktop\\node\\NOC\\src\\infrastructure\\datasources\\file-system.datasource.ts","statementMap":{"0":{"start":{"line":19,"column":4},"end":{"line":19,"column":null}},"1":{"start":{"line":13,"column":2},"end":{"line":13,"column":null}},"2":{"start":{"line":14,"column":2},"end":{"line":14,"column":null}},"3":{"start":{"line":15,"column":2},"end":{"line":15,"column":null}},"4":{"start":{"line":16,"column":2},"end":{"line":16,"column":null}},"5":{"start":{"line":20,"column":4},"end":{"line":20,"column":null}},"6":{"start":{"line":24,"column":4},"end":{"line":26,"column":null}},"7":{"start":{"line":25,"column":6},"end":{"line":25,"column":null}},"8":{"start":{"line":28,"column":5},"end":{"line":32,"column":null}},"9":{"start":{"line":30,"column":8},"end":{"line":30,"column":null}},"10":{"start":{"line":36,"column":22},"end":{"line":36,"column":null}},"11":{"start":{"line":38,"column":4},"end":{"line":38,"column":null}},"12":{"start":{"line":39,"column":4},"end":{"line":39,"column":null}},"13":{"start":{"line":39,"column":47},"end":{"line":39,"column":null}},"14":{"start":{"line":41,"column":4},"end":{"line":44,"column":null}},"15":{"start":{"line":42,"column":6},"end":{"line":42,"column":null}},"16":{"start":{"line":43,"column":6},"end":{"line":43,"column":null}},"17":{"start":{"line":45,"column":4},"end":{"line":48,"column":null}},"18":{"start":{"line":46,"column":6},"end":{"line":46,"column":null}},"19":{"start":{"line":47,"column":6},"end":{"line":47,"column":null}},"20":{"start":{"line":52,"column":10},"end":{"line":52,"column":null}},"21":{"start":{"line":53,"column":4},"end":{"line":53,"column":null}},"22":{"start":{"line":53,"column":24},"end":{"line":53,"column":null}},"23":{"start":{"line":54,"column":17},"end":{"line":54,"column":null}},"24":{"start":{"line":55,"column":4},"end":{"line":55,"column":null}},"25":{"start":{"line":59,"column":29},"end":{"line":63,"column":null}},"26":{"start":{"line":65,"column":21},"end":{"line":65,"column":null}},"27":{"start":{"line":66,"column":4},"end":{"line":66,"column":null}},"28":{"start":{"line":66,"column":19},"end":{"line":66,"column":null}},"29":{"start":{"line":68,"column":4},"end":{"line":68,"column":null}}},"fnMap":{"0":{"name":"(anonymous_0)","decl":{"start":{"line":18,"column":2},"end":{"line":18,"column":16}},"loc":{"start":{"line":18,"column":16},"end":{"line":21,"column":null}},"line":18},"1":{"name":"(anonymous_1)","decl":{"start":{"line":23,"column":10},"end":{"line":23,"column":28}},"loc":{"start":{"line":23,"column":28},"end":{"line":33,"column":null}},"line":23},"2":{"name":"(anonymous_2)","decl":{"start":{"line":29,"column":6},"end":{"line":29,"column":7}},"loc":{"start":{"line":29,"column":16},"end":{"line":31,"column":null}},"line":29},"3":{"name":"(anonymous_3)","decl":{"start":{"line":35,"column":8},"end":{"line":35,"column":16}},"loc":{"start":{"line":35,"column":50},"end":{"line":49,"column":null}},"line":35},"4":{"name":"(anonymous_4)","decl":{"start":{"line":51,"column":10},"end":{"line":51,"column":26}},"loc":{"start":{"line":51,"column":53},"end":{"line":56,"column":null}},"line":51},"5":{"name":"(anonymous_5)","decl":{"start":{"line":58,"column":8},"end":{"line":58,"column":16}},"loc":{"start":{"line":58,"column":71},"end":{"line":69,"column":null}},"line":58}},"branchMap":{"0":{"loc":{"start":{"line":24,"column":4},"end":{"line":26,"column":null}},"type":"if","locations":[{"start":{"line":24,"column":4},"end":{"line":26,"column":null}},{"start":{},"end":{}}],"line":24},"1":{"loc":{"start":{"line":39,"column":4},"end":{"line":39,"column":null}},"type":"if","locations":[{"start":{"line":39,"column":4},"end":{"line":39,"column":null}},{"start":{},"end":{}}],"line":39},"2":{"loc":{"start":{"line":41,"column":4},"end":{"line":44,"column":null}},"type":"if","locations":[{"start":{"line":41,"column":4},"end":{"line":44,"column":null}},{"start":{},"end":{}}],"line":41},"3":{"loc":{"start":{"line":45,"column":4},"end":{"line":48,"column":null}},"type":"if","locations":[{"start":{"line":45,"column":4},"end":{"line":48,"column":null}},{"start":{},"end":{}}],"line":45},"4":{"loc":{"start":{"line":53,"column":4},"end":{"line":53,"column":null}},"type":"if","locations":[{"start":{"line":53,"column":4},"end":{"line":53,"column":null}},{"start":{},"end":{}}],"line":53},"5":{"loc":{"start":{"line":66,"column":4},"end":{"line":66,"column":null}},"type":"if","locations":[{"start":{"line":66,"column":4},"end":{"line":66,"column":null}},{"start":{},"end":{}}],"line":66}},"s":{"0":1,"1":1,"2":1,"3":1,"4":1,"5":1,"6":1,"7":1,"8":1,"9":3,"10":0,"11":0,"12":0,"13":0,"14":0,"15":0,"16":0,"17":0,"18":0,"19":0,"20":0,"21":0,"22":0,"23":0,"24":0,"25":0,"26":0,"27":0,"28":0,"29":0},"f":{"0":1,"1":1,"2":3,"3":0,"4":0,"5":0},"b":{"0":[1,0],"1":[0,0],"2":[0,0],"3":[0,0],"4":[0,0],"5":[0,0]},"meta":{"lastBranch":6,"lastFunction":6,"lastStatement":30,"seen":{"f:18:2:18:16":0,"s:19:4:19:Infinity":0,"s:13:2:13:Infinity":1,"s:14:2:14:Infinity":2,"s:15:2:15:Infinity":3,"s:16:2:16:Infinity":4,"s:20:4:20:Infinity":5,"f:23:10:23:28":1,"b:24:4:26:Infinity:undefined:undefined:undefined:undefined":0,"s:24:4:26:Infinity":6,"s:25:6:25:Infinity":7,"s:28:5:32:Infinity":8,"f:29:6:29:7":2,"s:30:8:30:Infinity":9,"f:35:8:35:16":3,"s:36:22:36:Infinity":10,"s:38:4:38:Infinity":11,"b:39:4:39:Infinity:undefined:undefined:undefined:undefined":1,"s:39:4:39:Infinity":12,"s:39:47:39:Infinity":13,"b:41:4:44:Infinity:undefined:undefined:undefined:undefined":2,"s:41:4:44:Infinity":14,"s:42:6:42:Infinity":15,"s:43:6:43:Infinity":16,"b:45:4:48:Infinity:undefined:undefined:undefined:undefined":3,"s:45:4:48:Infinity":17,"s:46:6:46:Infinity":18,"s:47:6:47:Infinity":19,"f:51:10:51:26":4,"s:52:10:52:Infinity":20,"b:53:4:53:Infinity:undefined:undefined:undefined:undefined":4,"s:53:4:53:Infinity":21,"s:53:24:53:Infinity":22,"s:54:17:54:Infinity":23,"s:55:4:55:Infinity":24,"f:58:8:58:16":5,"s:59:29:63:Infinity":25,"s:65:21:65:Infinity":26,"b:66:4:66:Infinity:undefined:undefined:undefined:undefined":5,"s:66:4:66:Infinity":27,"s:66:19:66:Infinity":28,"s:68:4:68:Infinity":29}}}
,"C:\\Users\\CjDev544\\Desktop\\node\\NOC\\src\\infrastructure\\datasources\\mongo-log.datasource.ts": {"path":"C:\\Users\\CjDev544\\Desktop\\node\\NOC\\src\\infrastructure\\datasources\\mongo-log.datasource.ts","statementMap":{"0":{"start":{"line":7,"column":4},"end":{"line":12,"column":null}},"1":{"start":{"line":8,"column":21},"end":{"line":8,"column":null}},"2":{"start":{"line":9,"column":6},"end":{"line":9,"column":null}},"3":{"start":{"line":11,"column":6},"end":{"line":11,"column":null}},"4":{"start":{"line":16,"column":4},"end":{"line":22,"column":null}},"5":{"start":{"line":17,"column":19},"end":{"line":17,"column":null}},"6":{"start":{"line":18,"column":6},"end":{"line":18,"column":null}},"7":{"start":{"line":20,"column":6},"end":{"line":20,"column":null}},"8":{"start":{"line":21,"column":6},"end":{"line":21,"column":null}}},"fnMap":{"0":{"name":"(anonymous_0)","decl":{"start":{"line":6,"column":8},"end":{"line":6,"column":16}},"loc":{"start":{"line":6,"column":47},"end":{"line":13,"column":null}},"line":6},"1":{"name":"(anonymous_1)","decl":{"start":{"line":15,"column":8},"end":{"line":15,"column":16}},"loc":{"start":{"line":15,"column":71},"end":{"line":23,"column":null}},"line":15}},"branchMap":{},"s":{"0":2,"1":2,"2":2,"3":0,"4":1,"5":1,"6":1,"7":0,"8":0},"f":{"0":2,"1":1},"b":{},"meta":{"lastBranch":0,"lastFunction":2,"lastStatement":9,"seen":{"f:6:8:6:16":0,"s:7:4:12:Infinity":0,"s:8:21:8:Infinity":1,"s:9:6:9:Infinity":2,"s:11:6:11:Infinity":3,"f:15:8:15:16":1,"s:16:4:22:Infinity":4,"s:17:19:17:Infinity":5,"s:18:6:18:Infinity":6,"s:20:6:20:Infinity":7,"s:21:6:21:Infinity":8}}}
,"C:\\Users\\CjDev544\\Desktop\\node\\NOC\\src\\plugins\\envs.plugin.ts": {"path":"C:\\Users\\CjDev544\\Desktop\\node\\NOC\\src\\plugins\\envs.plugin.ts","statementMap":{"0":{"start":{"line":4,"column":20},"end":{"line":21,"column":null}}},"fnMap":{},"branchMap":{},"s":{"0":4},"f":{},"b":{},"meta":{"lastBranch":0,"lastFunction":0,"lastStatement":1,"seen":{"s:4:20:21:Infinity":0}}}
}
